<?xml version="1.0" encoding="UTF-8"?>
<!-- Generated by org.testng.reporters.JUnitReportReporter -->
<testsuite skipped="0" hostname="vyas" name="Selenium.NewTest" tests="1" failures="0" timestamp="2022-07-22T11:46:35 IST" time="12.042" errors="0">
  <testcase name="f" time="12.042" classname="Selenium.NewTest"/>
  <system-out/>
</testsuite> <!-- Selenium.NewTest -->
