<?xml version="1.0" encoding="UTF-8"?>
<!-- Generated by org.testng.reporters.JUnitReportReporter -->
<testsuite skipped="2" hostname="vyas" name="Selenium.NewTest" tests="3" failures="0" timestamp="2022-07-27T14:42:25 IST" time="2.930" errors="0">
  <testcase name="testcase1" time="2.930" classname="Selenium.NewTest"/>
  <system-out/>
  <testcase name="testcase2" classname="Selenium.NewTest">
    <skipped/>
  </testcase> <!-- testcase2 -->
  <system-out/>
  <testcase name="f" classname="Selenium.NewTest">
    <skipped/>
  </testcase> <!-- f -->
  <system-out/>
</testsuite> <!-- Selenium.NewTest -->
