<?xml version="1.0" encoding="UTF-8"?>
<!-- Generated by org.testng.reporters.JUnitReportReporter -->
<testsuite hostname="vyas" failures="0" tests="3" name="Selenium.NewTest" time="5.563" errors="0" timestamp="2022-07-27T14:18:12 IST" skipped="2">
  <testcase classname="Selenium.NewTest" name="testcase1" time="5.563"/>
  <system-out/>
  <testcase classname="Selenium.NewTest" name="testcase2">
    <skipped/>
  </testcase> <!-- testcase2 -->
  <system-out/>
  <testcase classname="Selenium.NewTest" name="f">
    <skipped/>
  </testcase> <!-- f -->
  <system-out/>
</testsuite> <!-- Selenium.NewTest -->
