<?xml version="1.0" encoding="UTF-8"?>
<!-- Generated by org.testng.reporters.JUnitReportReporter -->
<testsuite hostname="vyas" failures="0" tests="1" name="Selenium.NewTest" time="12.536" errors="0" timestamp="2022-07-22T11:02:14 IST" skipped="0">
  <testcase classname="Selenium.NewTest" name="f" time="12.536"/>
  <system-out/>
</testsuite> <!-- Selenium.NewTest -->
