<?xml version="1.0" encoding="UTF-8"?>
<!-- Generated by org.testng.reporters.JUnitReportReporter -->
<testsuite hostname="vyas" failures="0" tests="9" name="Selenium.Testelearning" time="26.202" errors="0" timestamp="2022-08-02T20:09:44 IST" skipped="8">
  <testcase classname="Selenium.Testelearning" name="ganguly" time="26.202"/>
  <system-out/>
  <testcase classname="Selenium.Testelearning" name="testcase7">
    <skipped/>
  </testcase> <!-- testcase7 -->
  <system-out/>
  <testcase classname="Selenium.Testelearning" name="testcase4">
    <skipped/>
  </testcase> <!-- testcase4 -->
  <system-out/>
  <testcase classname="Selenium.Testelearning" name="testcase5">
    <skipped/>
  </testcase> <!-- testcase5 -->
  <system-out/>
  <testcase classname="Selenium.Testelearning" name="testcase2">
    <skipped/>
  </testcase> <!-- testcase2 -->
  <system-out/>
  <testcase classname="Selenium.Testelearning" name="testcase6">
    <skipped/>
  </testcase> <!-- testcase6 -->
  <system-out/>
  <testcase classname="Selenium.Testelearning" name="testcase3">
    <skipped/>
  </testcase> <!-- testcase3 -->
  <system-out/>
  <testcase classname="Selenium.Testelearning" name="f">
    <skipped/>
  </testcase> <!-- f -->
  <system-out/>
  <testcase classname="Selenium.Testelearning" name="testcase1">
    <skipped/>
  </testcase> <!-- testcase1 -->
  <system-out/>
</testsuite> <!-- Selenium.Testelearning -->
